2026-07-07 00:46:57,580  ERROR  Error during calculation: Operation 'int_divide' is not supported.
2026-07-07 00:47:09,910  ERROR  Error during calculation: Operation 'percent' is not supported.
2026-07-07 00:48:10,005  ERROR  Error during calculation: Operation 'percent' is not supported.
2026-07-07 00:49:18,461  INFO  History saved successfully.
2026-07-07 00:49:35,845  INFO  History saved successfully.
2026-07-07 01:03:25,634  INFO  History saved successfully.
2026-07-07 01:03:33,740  INFO  History loaded successfully.
2026-07-07 01:19:20,864  ERROR  Error during calculation: Operation 'invalid_operation' is not supported.
2026-07-07 01:56:19,935  ERROR  Error during calculation: Operation 'invalid_operation' is not supported.
2026-07-07 01:56:20,054  INFO  History saved successfully.
2026-07-07 01:56:20,062  INFO  History saved successfully.
2026-07-07 01:56:20,070  INFO  History loaded successfully.
2026-07-07 01:57:32,649  ERROR  Error during calculation: Operation 'invalid_operation' is not supported.
2026-07-07 01:57:32,703  INFO  History saved successfully.
2026-07-07 01:57:32,709  INFO  History saved successfully.
2026-07-07 01:57:32,712  INFO  History loaded successfully.
2026-07-07 13:06:28,955  ERROR  Error during calculation: Operation 'invalid_operation' is not supported.
2026-07-07 13:06:28,993  INFO  History saved successfully.
2026-07-07 13:06:28,996  INFO  History saved successfully.
2026-07-07 13:06:29,001  INFO  History loaded successfully.
2026-07-07 13:06:35,816  ERROR  Error during calculation: Operation 'invalid_operation' is not supported.
2026-07-07 13:06:35,870  INFO  History saved successfully.
2026-07-07 13:06:35,879  INFO  History saved successfully.
2026-07-07 13:06:35,882  INFO  History loaded successfully.
2026-07-07 13:06:35,918  ERROR  Error during calculation: Operation 'invalid_operation' is not supported.
2026-07-07 13:25:43,179  ERROR  Error during calculation: Operation 'invalid_operation' is not supported.
2026-07-07 13:25:43,244  INFO  History saved successfully.
2026-07-07 13:25:43,252  INFO  History saved successfully.
2026-07-07 13:25:43,261  INFO  History loaded successfully.
2026-07-07 13:25:43,293  ERROR  Error during calculation: Operation 'invalid_operation' is not supported.
